<?xml version="1.0" encoding="UTF-8"?>
<testng-results ignored="0" total="1" passed="1" failed="0" skipped="0">
  <reporter-output>
  </reporter-output>
  <suite started-at="2018-05-07T19:14:16Z" name="Default suite" finished-at="2018-05-07T19:14:16Z" duration-ms="46">
    <groups>
    </groups>
    <test started-at="2018-05-07T19:14:16Z" name="Default test" finished-at="2018-05-07T19:14:16Z" duration-ms="46">
      <class name="Principal.JenkinsJobs">
        <test-method signature="testJenkins()[pri:0, instance:Principal.JenkinsJobs@610f7aa]" started-at="2018-05-07T19:14:16Z" name="testJenkins" finished-at="2018-05-07T19:14:16Z" duration-ms="22" status="PASS">
          <reporter-output>
          </reporter-output>
        </test-method> <!-- testJenkins -->
      </class> <!-- Principal.JenkinsJobs -->
    </test> <!-- Default test -->
  </suite> <!-- Default suite -->
</testng-results>
